<?xml version="1.0" encoding="UTF-8"?>
<testsuite xmlns:xsi="http://www.w3.org/2001/XMLSchema-instance" xsi:noNamespaceSchemaLocation="https://maven.apache.org/surefire/maven-failsafe-plugin/xsd/failsafe-test-report-3.0.xsd" version="3.0" name="testcases.LoginTest" time="16.037" tests="1" errors="0" skipped="0" failures="0">
  <properties>
[...]
</properties>
  <testcase name="doLogin" classname="testcases.LoginTest" time="10.723">
    <system-out><![CDATA[23:33:33.086 [main] DEBUG n.t.c.u.PropertiesFileLocalPreferences - LOADING LOCAL PROPERTIES FROM C:\Users\Harsh\eclipse-workspace\SerenityBDDFramework\serenity.properties 
23:33:33.105 [main] DEBUG n.t.c.u.PropertiesFileLocalPreferences - LOADING LOCAL PROPERTIES FROM C:\Users\Harsh\eclipse-workspace\SerenityBDDFramework\serenity.properties 
23:33:33.106 [main] DEBUG n.t.c.u.PropertiesFileLocalPreferences - LOADING LOCAL PROPERTIES FROM C:\Users\Harsh\eclipse-workspace\SerenityBDDFramework\serenity.properties 
23:33:33.126 [main] DEBUG n.t.c.u.PropertiesFileLocalPreferences - webdriver.driver=chrome
23:33:33.126 [main] DEBUG n.t.c.u.PropertiesFileLocalPreferences - webdriver.chrome.driver=src/test/resources/drivers/chromedriver.exe
23:33:33.126 [main] DEBUG n.t.c.u.PropertiesFileLocalPreferences - serenity.project.name=Serenity framework practise
23:33:33.137 [main] DEBUG n.t.c.u.PropertiesFileLocalPreferences - LOADING LOCAL PROPERTIES FROM C:\Users\Harsh\eclipse-workspace\SerenityBDDFramework\serenity.properties 
23:33:33.141 [main] DEBUG n.t.c.u.PropertiesFileLocalPreferences - LOADING LOCAL PROPERTIES FROM C:\Users\Harsh\eclipse-workspace\SerenityBDDFramework\serenity.properties 
23:33:33.142 [main] DEBUG n.t.c.u.PropertiesFileLocalPreferences - LOADING LOCAL PROPERTIES FROM C:\Users\Harsh\eclipse-workspace\SerenityBDDFramework\serenity.properties 
23:33:33.143 [main] DEBUG n.t.c.u.PropertiesFileLocalPreferences - webdriver.driver=chrome
23:33:33.143 [main] DEBUG n.t.c.u.PropertiesFileLocalPreferences - webdriver.chrome.driver=src/test/resources/drivers/chromedriver.exe
23:33:33.143 [main] DEBUG n.t.c.u.PropertiesFileLocalPreferences - serenity.project.name=Serenity framework practise
23:33:33.703 [main] INFO   - 

-------------------------------------------------------------------------------------
     _______. _______ .______       _______ .__   __.  __  .___________.____    ____ 
    /       ||   ____||   _  \     |   ____||  \ |  | |  | |           |\   \  /   / 
   |   (----`|  |__   |  |_)  |    |  |__   |   \|  | |  | `---|  |----` \   \/   /  
    \   \    |   __|  |      /     |   __|  |  . `  | |  |     |  |       \_    _/   
.----)   |   |  |____ |  |\  \----.|  |____ |  |\   | |  |     |  |         |  |     
|_______/    |_______|| _| `._____||_______||__| \__| |__|     |__|         |__|    
                                                                                     
 News and tutorials at http://www.serenity-bdd.info                                  
 Documentation at https://wakaleo.gitbooks.io/the-serenity-book/content/             
 Join the Serenity Community on Gitter: https://gitter.im/serenity-bdd/serenity-core 
 Serenity BDD Support and Training at http://serenity-bdd.info/#/trainingandsupport  
-------------------------------------------------------------------------------------

23:33:33.788 [main] DEBUG n.thucydides.core.steps.StepEventBus - Test suite started for class testcases.LoginTest
23:33:33.806 [main] INFO   - Test Suite Started: Login test
23:33:33.832 [main] INFO   - 
  _____   ___   ___   _____     ___   _____     _     ___   _____   ___   ___  
 |_   _| | __| / __| |_   _|   / __| |_   _|   /_\   | _ \ |_   _| | __| |   \ 
   | |   | _|  \__ \   | |     \__ \   | |    / _ \  |   /   | |   | _|  | |) |
   |_|   |___| |___/   |_|     |___/   |_|   /_/ \_\ |_|_\   |_|   |___| |___/ 

doLogin
--------------------------------------------------------------------------------
23:33:33.965 [main] INFO  n.s.c.w.d.ChromeDriverProvider - Using automatically driver download
23:33:34.852 [main] DEBUG i.g.b.wdm.cache.ResolutionCache - Removing resolution chrome=96 from cache (expired on Tue Dec 07 23:33:31 IST 2021)
23:33:34.868 [main] DEBUG o.a.h.c.h.i.c.InternalHttpClient - ex-00000001: preparing request execution
23:33:34.873 [main] DEBUG o.a.h.c.h.protocol.RequestAddCookies - Cookie spec selected: strict
23:33:34.879 [main] DEBUG o.a.h.c.h.protocol.RequestAuthCache - Auth cache not set in the context
23:33:34.879 [main] DEBUG o.a.h.c.h.impl.classic.ProtocolExec - ex-00000001: target auth state: UNCHALLENGED
23:33:34.880 [main] DEBUG o.a.h.c.h.impl.classic.ProtocolExec - ex-00000001: proxy auth state: UNCHALLENGED
23:33:34.881 [main] DEBUG o.a.h.c.h.impl.classic.ConnectExec - ex-00000001: acquiring connection with route {s}->https://raw.githubusercontent.com:443
23:33:34.881 [main] DEBUG o.a.h.c.h.i.c.InternalHttpClient - ex-00000001: acquiring endpoint (3 MINUTES)
23:33:34.884 [main] DEBUG o.a.h.c.h.i.i.PoolingHttpClientConnectionManager - ex-00000001: endpoint lease request (3 MINUTES) [route: {s}->https://raw.githubusercontent.com:443][total available: 0; route allocated: 0 of 5; total allocated: 0 of 25]
23:33:34.890 [main] DEBUG o.a.h.c.h.i.i.PoolingHttpClientConnectionManager - ex-00000001: endpoint leased [route: {s}->https://raw.githubusercontent.com:443][total available: 0; route allocated: 1 of 5; total allocated: 1 of 25]
23:33:34.907 [main] DEBUG o.a.h.c.h.i.i.PoolingHttpClientConnectionManager - ex-00000001: acquired ep-00000000
23:33:34.908 [main] DEBUG o.a.h.c.h.i.c.InternalHttpClient - ex-00000001: acquired endpoint ep-00000000
23:33:34.908 [main] DEBUG o.a.h.c.h.impl.classic.ConnectExec - ex-00000001: opening connection {s}->https://raw.githubusercontent.com:443
23:33:34.909 [main] DEBUG o.a.h.c.h.i.c.InternalHttpClient - ep-00000000: connecting endpoint (30 SECONDS)
23:33:34.909 [main] DEBUG o.a.h.c.h.i.i.PoolingHttpClientConnectionManager - ep-00000000: connecting endpoint to https://raw.githubusercontent.com:443 (30 SECONDS)
23:33:34.937 [main] DEBUG o.a.h.c.h.i.i.DefaultHttpClientConnectionOperator - http-outgoing-0: connecting to raw.githubusercontent.com/185.199.111.133:443
23:33:34.938 [main] DEBUG o.a.h.c.h.s.SSLConnectionSocketFactory - Connecting socket to raw.githubusercontent.com/185.199.111.133:443 with timeout 30 SECONDS
23:33:35.044 [main] DEBUG o.a.h.c.h.s.SSLConnectionSocketFactory - Enabled protocols: [TLSv1.3, TLSv1.2]
23:33:35.044 [main] DEBUG o.a.h.c.h.s.SSLConnectionSocketFactory - Enabled cipher suites: [TLS_AES_256_GCM_SHA384, TLS_AES_128_GCM_SHA256, TLS_CHACHA20_POLY1305_SHA256, TLS_ECDHE_ECDSA_WITH_AES_256_GCM_SHA384, TLS_ECDHE_ECDSA_WITH_AES_128_GCM_SHA256, TLS_ECDHE_ECDSA_WITH_CHACHA20_POLY1305_SHA256, TLS_ECDHE_RSA_WITH_AES_256_GCM_SHA384, TLS_ECDHE_RSA_WITH_CHACHA20_POLY1305_SHA256, TLS_ECDHE_RSA_WITH_AES_128_GCM_SHA256, TLS_DHE_RSA_WITH_AES_256_GCM_SHA384, TLS_DHE_RSA_WITH_CHACHA20_POLY1305_SHA256, TLS_DHE_DSS_WITH_AES_256_GCM_SHA384, TLS_DHE_RSA_WITH_AES_128_GCM_SHA256, TLS_DHE_DSS_WITH_AES_128_GCM_SHA256, TLS_ECDHE_ECDSA_WITH_AES_256_CBC_SHA384, TLS_ECDHE_RSA_WITH_AES_256_CBC_SHA384, TLS_ECDHE_ECDSA_WITH_AES_128_CBC_SHA256, TLS_ECDHE_RSA_WITH_AES_128_CBC_SHA256, TLS_DHE_RSA_WITH_AES_256_CBC_SHA256, TLS_DHE_DSS_WITH_AES_256_CBC_SHA256, TLS_DHE_RSA_WITH_AES_128_CBC_SHA256, TLS_DHE_DSS_WITH_AES_128_CBC_SHA256, TLS_ECDH_ECDSA_WITH_AES_256_GCM_SHA384, TLS_ECDH_RSA_WITH_AES_256_GCM_SHA384, TLS_ECDH_ECDSA_WITH_AES_128_GCM_SHA256, TLS_ECDH_RSA_WITH_AES_128_GCM_SHA256, TLS_ECDH_ECDSA_WITH_AES_256_CBC_SHA384, TLS_ECDH_RSA_WITH_AES_256_CBC_SHA384, TLS_ECDH_ECDSA_WITH_AES_128_CBC_SHA256, TLS_ECDH_RSA_WITH_AES_128_CBC_SHA256, TLS_ECDHE_ECDSA_WITH_AES_256_CBC_SHA, TLS_ECDHE_RSA_WITH_AES_256_CBC_SHA, TLS_ECDHE_ECDSA_WITH_AES_128_CBC_SHA, TLS_ECDHE_RSA_WITH_AES_128_CBC_SHA, TLS_DHE_RSA_WITH_AES_256_CBC_SHA, TLS_DHE_DSS_WITH_AES_256_CBC_SHA, TLS_DHE_RSA_WITH_AES_128_CBC_SHA, TLS_DHE_DSS_WITH_AES_128_CBC_SHA, TLS_ECDH_ECDSA_WITH_AES_256_CBC_SHA, TLS_ECDH_RSA_WITH_AES_256_CBC_SHA, TLS_ECDH_ECDSA_WITH_AES_128_CBC_SHA, TLS_ECDH_RSA_WITH_AES_128_CBC_SHA, TLS_RSA_WITH_AES_256_GCM_SHA384, TLS_RSA_WITH_AES_128_GCM_SHA256, TLS_RSA_WITH_AES_256_CBC_SHA256, TLS_RSA_WITH_AES_128_CBC_SHA256, TLS_RSA_WITH_AES_256_CBC_SHA, TLS_RSA_WITH_AES_128_CBC_SHA, TLS_EMPTY_RENEGOTIATION_INFO_SCSV]
23:33:35.045 [main] DEBUG o.a.h.c.h.s.SSLConnectionSocketFactory - Starting handshake
23:33:35.185 [main] DEBUG o.a.h.c.h.s.SSLConnectionSocketFactory - Secure session established
23:33:35.185 [main] DEBUG o.a.h.c.h.s.SSLConnectionSocketFactory -  negotiated protocol: TLSv1.3
23:33:35.185 [main] DEBUG o.a.h.c.h.s.SSLConnectionSocketFactory -  negotiated cipher suite: TLS_AES_256_GCM_SHA384
23:33:35.187 [main] DEBUG o.a.h.c.h.s.SSLConnectionSocketFactory -  peer principal: CN=www.github.com, O="GitHub, Inc.", L=San Francisco, ST=California, C=US
23:33:35.187 [main] DEBUG o.a.h.c.h.s.SSLConnectionSocketFactory -  peer alternative names: [www.github.com, *.github.com, github.com, *.github.io, github.io, *.githubusercontent.com, githubusercontent.com]
23:33:35.187 [main] DEBUG o.a.h.c.h.s.SSLConnectionSocketFactory -  issuer principal: CN=DigiCert SHA2 High Assurance Server CA, OU=www.digicert.com, O=DigiCert Inc, C=US
23:33:35.188 [main] DEBUG o.a.h.c.h.i.i.DefaultHttpClientConnectionOperator - http-outgoing-0: connection established 192.168.0.184:49738<->185.199.111.133:443
23:33:35.188 [main] DEBUG o.a.h.c.h.i.i.PoolingHttpClientConnectionManager - ep-00000000: connected http-outgoing-0
23:33:35.188 [main] DEBUG o.a.h.c.h.i.c.InternalHttpClient - ep-00000000: endpoint connected
23:33:35.189 [main] DEBUG o.a.h.c.h.i.classic.MainClientExec - ex-00000001: executing GET /bonigarcia/webdrivermanager/master/src/main/resources/commands.properties HTTP/1.1
23:33:35.189 [main] DEBUG o.a.h.c.h.i.c.InternalHttpClient - ep-00000000: start execution ex-00000001
23:33:35.189 [main] DEBUG o.a.h.c.h.i.i.PoolingHttpClientConnectionManager - ep-00000000: executing exchange ex-00000001 over http-outgoing-0
23:33:35.190 [main] DEBUG org.apache.hc.client5.http.headers - http-outgoing-0 >> GET /bonigarcia/webdrivermanager/master/src/main/resources/commands.properties HTTP/1.1
23:33:35.190 [main] DEBUG org.apache.hc.client5.http.headers - http-outgoing-0 >> user-agent: Apache-HttpClient/5.0
23:33:35.190 [main] DEBUG org.apache.hc.client5.http.headers - http-outgoing-0 >> accept-encoding: gzip, deflate, br
23:33:35.190 [main] DEBUG org.apache.hc.client5.http.headers - http-outgoing-0 >> cache-control: max-age=0
23:33:35.190 [main] DEBUG org.apache.hc.client5.http.headers - http-outgoing-0 >> connection: keep-alive
23:33:35.190 [main] DEBUG org.apache.hc.client5.http.headers - http-outgoing-0 >> Host: raw.githubusercontent.com
23:33:35.190 [main] DEBUG org.apache.hc.client5.http.wire - http-outgoing-0 >> "GET /bonigarcia/webdrivermanager/master/src/main/resources/commands.properties HTTP/1.1[\r][\n]"
23:33:35.190 [main] DEBUG org.apache.hc.client5.http.wire - http-outgoing-0 >> "user-agent: Apache-HttpClient/5.0[\r][\n]"
23:33:35.190 [main] DEBUG org.apache.hc.client5.http.wire - http-outgoing-0 >> "accept-encoding: gzip, deflate, br[\r][\n]"
23:33:35.190 [main] DEBUG org.apache.hc.client5.http.wire - http-outgoing-0 >> "cache-control: max-age=0[\r][\n]"
23:33:35.190 [main] DEBUG org.apache.hc.client5.http.wire - http-outgoing-0 >> "connection: keep-alive[\r][\n]"
23:33:35.190 [main] DEBUG org.apache.hc.client5.http.wire - http-outgoing-0 >> "Host: raw.githubusercontent.com[\r][\n]"
23:33:35.190 [main] DEBUG org.apache.hc.client5.http.wire - http-outgoing-0 >> "[\r][\n]"
23:33:35.222 [main] DEBUG org.apache.hc.client5.http.wire - http-outgoing-0 << "HTTP/1.1 200 OK[\r][\n]"
23:33:35.222 [main] DEBUG org.apache.hc.client5.http.wire - http-outgoing-0 << "Connection: keep-alive[\r][\n]"
23:33:35.223 [main] DEBUG org.apache.hc.client5.http.wire - http-outgoing-0 << "Content-Length: 728[\r][\n]"
23:33:35.223 [main] DEBUG org.apache.hc.client5.http.wire - http-outgoing-0 << "Cache-Control: max-age=300[\r][\n]"
23:33:35.223 [main] DEBUG org.apache.hc.client5.http.wire - http-outgoing-0 << "Content-Security-Policy: default-src 'none'; style-src 'unsafe-inline'; sandbox[\r][\n]"
23:33:35.223 [main] DEBUG org.apache.hc.client5.http.wire - http-outgoing-0 << "Content-Type: text/plain; charset=utf-8[\r][\n]"
23:33:35.223 [main] DEBUG org.apache.hc.client5.http.wire - http-outgoing-0 << "ETag: W/"f670816d6bfbef80584dadbb549bb9c4ccd5de869d5b63cc2a694a74613014b5"[\r][\n]"
23:33:35.223 [main] DEBUG org.apache.hc.client5.http.wire - http-outgoing-0 << "Strict-Transport-Security: max-age=31536000[\r][\n]"
23:33:35.223 [main] DEBUG org.apache.hc.client5.http.wire - http-outgoing-0 << "X-Content-Type-Options: nosniff[\r][\n]"
23:33:35.223 [main] DEBUG org.apache.hc.client5.http.wire - http-outgoing-0 << "X-Frame-Options: deny[\r][\n]"
23:33:35.223 [main] DEBUG org.apache.hc.client5.http.wire - http-outgoing-0 << "X-XSS-Protection: 1; mode=block[\r][\n]"
23:33:35.223 [main] DEBUG org.apache.hc.client5.http.wire - http-outgoing-0 << "X-GitHub-Request-Id: EA82:56B4:88E47D:AEB89A:61AEAEFF[\r][\n]"
23:33:35.223 [main] DEBUG org.apache.hc.client5.http.wire - http-outgoing-0 << "Content-Encoding: gzip[\r][\n]"
23:33:35.223 [main] DEBUG org.apache.hc.client5.http.wire - http-outgoing-0 << "Accept-Ranges: bytes[\r][\n]"
23:33:35.223 [main] DEBUG org.apache.hc.client5.http.wire - http-outgoing-0 << "Date: Tue, 07 Dec 2021 18:03:36 GMT[\r][\n]"
23:33:35.223 [main] DEBUG org.apache.hc.client5.http.wire - http-outgoing-0 << "Via: 1.1 varnish[\r][\n]"
23:33:35.223 [main] DEBUG org.apache.hc.client5.http.wire - http-outgoing-0 << "X-Served-By: cache-maa10236-MAA[\r][\n]"
23:33:35.223 [main] DEBUG org.apache.hc.client5.http.wire - http-outgoing-0 << "X-Cache: HIT[\r][\n]"
23:33:35.223 [main] DEBUG org.apache.hc.client5.http.wire - http-outgoing-0 << "X-Cache-Hits: 1[\r][\n]"
23:33:35.223 [main] DEBUG org.apache.hc.client5.http.wire - http-outgoing-0 << "X-Timer: S1638900217.668281,VS0,VE0[\r][\n]"
23:33:35.223 [main] DEBUG org.apache.hc.client5.http.wire - http-outgoing-0 << "Vary: Authorization,Accept-Encoding,Origin[\r][\n]"
23:33:35.223 [main] DEBUG org.apache.hc.client5.http.wire - http-outgoing-0 << "Access-Control-Allow-Origin: *[\r][\n]"
23:33:35.223 [main] DEBUG org.apache.hc.client5.http.wire - http-outgoing-0 << "X-Fastly-Request-ID: 430ba11aa02b9972a7cfe1081ecf534a07f5d3bf[\r][\n]"
23:33:35.224 [main] DEBUG org.apache.hc.client5.http.wire - http-outgoing-0 << "Expires: Tue, 07 Dec 2021 18:08:36 GMT[\r][\n]"
23:33:35.224 [main] DEBUG org.apache.hc.client5.http.wire - http-outgoing-0 << "Source-Age: 22[\r][\n]"
23:33:35.224 [main] DEBUG org.apache.hc.client5.http.wire - http-outgoing-0 << "[\r][\n]"
23:33:35.226 [main] DEBUG org.apache.hc.client5.http.headers - http-outgoing-0 << HTTP/1.1 200 OK
23:33:35.226 [main] DEBUG org.apache.hc.client5.http.headers - http-outgoing-0 << Connection: keep-alive
23:33:35.226 [main] DEBUG org.apache.hc.client5.http.headers - http-outgoing-0 << Content-Length: 728
23:33:35.226 [main] DEBUG org.apache.hc.client5.http.headers - http-outgoing-0 << Cache-Control: max-age=300
23:33:35.226 [main] DEBUG org.apache.hc.client5.http.headers - http-outgoing-0 << Content-Security-Policy: default-src 'none'; style-src 'unsafe-inline'; sandbox
23:33:35.226 [main] DEBUG org.apache.hc.client5.http.headers - http-outgoing-0 << Content-Type: text/plain; charset=utf-8
23:33:35.226 [main] DEBUG org.apache.hc.client5.http.headers - http-outgoing-0 << ETag: W/"f670816d6bfbef80584dadbb549bb9c4ccd5de869d5b63cc2a694a74613014b5"
23:33:35.226 [main] DEBUG org.apache.hc.client5.http.headers - http-outgoing-0 << Strict-Transport-Security: max-age=31536000
23:33:35.226 [main] DEBUG org.apache.hc.client5.http.headers - http-outgoing-0 << X-Content-Type-Options: nosniff
23:33:35.226 [main] DEBUG org.apache.hc.client5.http.headers - http-outgoing-0 << X-Frame-Options: deny
23:33:35.227 [main] DEBUG org.apache.hc.client5.http.headers - http-outgoing-0 << X-XSS-Protection: 1; mode=block
23:33:35.227 [main] DEBUG org.apache.hc.client5.http.headers - http-outgoing-0 << X-GitHub-Request-Id: EA82:56B4:88E47D:AEB89A:61AEAEFF
23:33:35.227 [main] DEBUG org.apache.hc.client5.http.headers - http-outgoing-0 << Content-Encoding: gzip
23:33:35.227 [main] DEBUG org.apache.hc.client5.http.headers - http-outgoing-0 << Accept-Ranges: bytes
23:33:35.227 [main] DEBUG org.apache.hc.client5.http.headers - http-outgoing-0 << Date: Tue, 07 Dec 2021 18:03:36 GMT
23:33:35.227 [main] DEBUG org.apache.hc.client5.http.headers - http-outgoing-0 << Via: 1.1 varnish
23:33:35.227 [main] DEBUG org.apache.hc.client5.http.headers - http-outgoing-0 << X-Served-By: cache-maa10236-MAA
23:33:35.227 [main] DEBUG org.apache.hc.client5.http.headers - http-outgoing-0 << X-Cache: HIT
23:33:35.227 [main] DEBUG org.apache.hc.client5.http.headers - http-outgoing-0 << X-Cache-Hits: 1
23:33:35.227 [main] DEBUG org.apache.hc.client5.http.headers - http-outgoing-0 << X-Timer: S1638900217.668281,VS0,VE0
23:33:35.227 [main] DEBUG org.apache.hc.client5.http.headers - http-outgoing-0 << Vary: Authorization,Accept-Encoding,Origin
23:33:35.227 [main] DEBUG org.apache.hc.client5.http.headers - http-outgoing-0 << Access-Control-Allow-Origin: *
23:33:35.227 [main] DEBUG org.apache.hc.client5.http.headers - http-outgoing-0 << X-Fastly-Request-ID: 430ba11aa02b9972a7cfe1081ecf534a07f5d3bf
23:33:35.227 [main] DEBUG org.apache.hc.client5.http.headers - http-outgoing-0 << Expires: Tue, 07 Dec 2021 18:08:36 GMT
23:33:35.227 [main] DEBUG org.apache.hc.client5.http.headers - http-outgoing-0 << Source-Age: 22
23:33:35.230 [main] DEBUG o.a.h.c.h.i.classic.MainClientExec - ex-00000001: connection can be kept alive for 3 MINUTES
23:33:35.239 [main] DEBUG org.apache.hc.client5.http.wire - http-outgoing-0 << "[0x1f][0xffffff8b][0x8][0x0][0x0][0x0][0x0][0x0][0x0][0x3][0xffffffb5]V]o[0xffffffda]0[0x14]}[0xffffffe7]W\[0xffffff81]*[0xffffffb5][0x12][0x1f][[M[0xffffffd3]$[0x1e]hF[0xffffffbb]i [0x18][0xffffffb4][0xffffffdd]&[0xfffffff9][0xffffffc5]Mn[0xffffff82][0xffffffa5]$Fv([0xffffffed]~[0xfffffffd]l[0xffffffe7]c$u[0x6]k[0xffffffe8][l_[0xffffff9f]s|[0xffffffef]q|;[0xffffffe0][0xfffffff0]([0xffffffa2][0xffffffb1]'[0xffffffc1][0xffffffa3][0x9]}[0xffffffa0][0x12][[0x1d][0xffffffb8]]1[0x9]>[0xb][0x11]\[0x1e]'[0xffffff94][0xffffffc5][0x12][0xffffff92][0xffffff95][0x1e]d[0xffffffa1][0x9][0xffffff87][0x7][0x4]|Bw[0xffffff93][0xffffffa0][0x7],6[0xffffffcb]r[0xffffff85]a[0xffffffa8][0x7]\x(t[0xffffff90][0xffffff87][0x9][0xffffffba][0xffffff89]Y|D![0x19]Wk>[0xffffffa0][0xfffffffa][0xe][0x4]b[0xc][0xf][0xffffff82]o[0xffffffa5]ZP[0xffffff94][0xffffffa7][0xffffffce]J[0xfffffff0][0x8][0xffffffbb]p[0xffffffcd][0x4][0xfffffffa][0xfffffffc][0xffffffa9][0xb][0xffffffb3]5[\n]"
23:33:35.239 [main] DEBUG org.apache.hc.client5.http.wire - http-outgoing-0 << "[0xffffffda][0xffffff85][0xffffffb1][0x17][0xffffffa8]Y[0xffffffb3][0xffffffca]6[0xffffffd1][0xffffff99][0xffffffc6][0xfffffff7][0xffffff98][0xffffffef][0xffffffa3][0xffffffc0]8[0x1][0xffffffae]c[0x12][0x16][0x7] [0xffffff9f]e[0xffffff82][0xffffff91][0xffffff84][0xffffffd3][0x1f],[0xfffffff6][0x14]j[0x17]&,[0xffffffde]([0xffffff98])ua[0xffffffb6]<k)[0xffffff8e][0xffffff94][0xffffffa2][0xffffff95][0x1d][0xffffffa3][0xffffffef][0xffffff9a]a[0x7f][0xffffff9b]n[0xffffffe8][0xffffffbf]{?t#[0xffffffaf][0xffffffaf]N[0x5][0x3][0x7][0xffffffb6][0x11]sMJL[0x1a][0xffffffb6]+[0xffffffc5][0x7]1[0xffffff8d]p[0xffffffd8]>[0xffffff99]/f7[0xffffff8b][0xffffffd1][0xfffffff4][0xfffffffa][0xffffffeb]d[0xffffffbc]<[0xfffffffd][0xfffffff9][0xfffffff1][0xffffffc3][0xffffffd9]'2$[0xffffffe4][0xffffff84][0xffffff90][0x1b][0xffffffce][0xffffff83][0x10][0x9]Iy[0x8][0x19][0xffffffad][0xffffffd7]!s[0xffffff95]>[0x1e][0x13][0xffffff92][0xffffffb1])[0xfffffff8]6[0x4][0xffffff98][0xffffffc0]}[0xffffff96][0xffffff90][0xffffffc1]#[\r]7[0xfffffff5][0xffffffa2][0xffffffce][0xf][0x14]5[0xffffff99]9[0xffffffa3][0xffffffc9]h>[0xffffffff]<[0xffffffba][0x1d][0xffffffbd][0xffffffa5][0xffffff9e][0xffffff8b]W$[0xffffffe9]-[0xfffffff5]\[0xe][0x17][0xffffffe3][0x1b][0xfffffff8]~7^[0xfffffffc][0xffffff82]/[0xffffffdf][0xffffff9c];[0xffffffb2][0xffffffe4]~[0xffffffb2][0xffffffa5][0x2]s[0xffffffb6][0xffffff8c][0xffffffec]jr[0xffffff85][0xffffffd4]5x[0xffffffb9][0x17][U[0xffffffd0]P;F[0xfffffffb] 0[{[0xffffffe9]4[0xfffffff4]zu[0x1b]"[0xffffffea][0xffffffea][0xfffffff0][0xffffffc1][0xffffffce]A[0xffffffe4] [0xffffffe5][0xffffffcd][0xffffffcc][0xffffffd6][0xffffffa7][0xffffffeb][0xfffffff5][0xffffffc0]Q[0xffffff97]H[0xffffffb9]U[0xe][0xffffff94][0x17]g[0xffffffcb]r[0xffffffc0].[0xffffffba][0xffffffb2]h[0xffffffe6][0xfffffffe][0xffffff82][0xffffffc8]O[0xffffffc7][0xffffffcd]L[0xffffff9a][0xffffffe7][0x7f][0xffffffca][0x7f][0xffffffb3]0[0xffffffa4]9[0x9]!9[0xfffffffa][0xffffffbe][0xffffffa4][0xffffffbf]Pq[0xffffffa8]+k[0xffffffaf][0xffffffca][0xfffffff1][0xffffffa4]\[0xffffffec][0x18][0xffffffa0]]v@FR%kk[0xf]8[0x1b][0xffffffa1][0xffffffff] [0xfffffff7][0xffffffd5][0xffffffca][0xffffffe6][0xfffffff8][0xffffff85][0x17][0xffffffb2][0x9][0xffffffe8]=[0xffffffbe][0xc][0xffffffb2][0xffffffd6]?c[0xffffffb1]U~[0x17]K[0x15][[0xffffffff][0xffffffda][\n]"
23:33:35.239 [main] DEBUG org.apache.hc.client5.http.wire - http-outgoing-0 << "LT[0xffffff83]#[0xfffffffe][0xffffff8b][0xffffffa6][0xffffffcc][0x15]\[0xffffffaa]L[0x10][0xffffffa2]i*[0xffffff97]-[0xffffff92][0xffffff86]n_[0xffffffb2][0xffffffcb][0xffffff9a]^S[0xfffffff4]7[0xffffff94]sQ{[0xfffffff3][0xffffffff][0xffffff92][0x19][0xffffffae][0x7f]^}[0xffffff83]Y[0x14];[0xffffffca]w[0xfffffff6][0xfffffff4][0xffffffbc][0xffffffed][0xffffffe6][0xffffff9b]xk[0xffffffdd][0xb]VSW[[0xfffffff9][0xffffffcb][0x11]P[0xffffffba][0xfffffff8][0xffffffe6][0xffffffb5]+X[0xffffffcc][0xffffffbb][0xfffffff6][0xffffffff]n[0xffffffb0]=[0x2]s[0xffffffc1][0x3]A#I[0xffffff88][0xffffffa1] $[0xffffffa4][0xffffff9b][0xffffffd8]U[0xffffffbb][0xfffffff6][0xffffffa6][0xffffffbb]"[0xffffffa2]I[0xfffffff9][0xffffff8f]&[0xffffffe2][0xffffffd0][0xffffffe7][0xffffffc7][0xffffff96][0xffffff89][0xffffff86][0xffffffd4][0xffffff97][\r][0xffffffce][0x7f](u[0xffffff85][0xffffffbb][0xfffffff0][0xffffffa5][0x19][0xffffffda][0xffffffec][0xffffff98][0xffffffc6]Y[0xfffffffd]h8m6[0xffffff9c]U[0xffffffc1][0xfffffff2][0xffffffd6]H[0xfffffff5]W[0xffffffe5][0x17]NM[0x1c][0xffffffc7][0xffffff84]9|[0xffffff83]7[0xffffffbf][0xffffffa4][0xffffffa5][0xfffffff1][0xfffffffb]slAM[0xffffffda][0xffffffa2]ck[0xffffffa9]o[0xffffff89][\n]"
23:33:35.240 [main] DEBUG org.apache.hc.client5.http.wire - http-outgoing-0 << "[0xffffffa6][0xfffffffd][0xffffffdd][0xffffff90]F,[0xffffffec][0xffffff97][0xffffffcf][0xfffffff4][0xffffffb2][0xffffff86]}[0xffffffc7]<u[0xffffff9b][0xffffffce][0xffffff8b]M[0xffffffb5][0xfffffffd][0xffffff93][0xffffff8e][0xffffffb6]:7[0xffffff97]i3[0xffffffaf]cA[0xffffffed][0xffffffc0][0xffffff92][0xfffffffa]T[0xffffffb0][0x2]^[0xffffff9a][0xffffffa1][0x1d]<[\r][0xffffffb5]A[0xffffffa7]+;[0xffffffc0][0x7f][0x0][0xffffffb2]$|[0xffffff88][0x1d][\r][0x0][0x0]"
23:33:35.241 [main] DEBUG o.a.h.c.h.i.c.InternalHttpClient - ep-00000000: releasing valid endpoint
23:33:35.241 [main] DEBUG o.a.h.c.h.i.i.PoolingHttpClientConnectionManager - ep-00000000: releasing endpoint
23:33:35.241 [main] DEBUG o.a.h.c.h.i.i.PoolingHttpClientConnectionManager - ep-00000000: connection http-outgoing-0 can be kept alive for 3 MINUTES
23:33:35.242 [main] DEBUG o.a.h.c.h.i.i.PoolingHttpClientConnectionManager - ep-00000000: connection released [route: {s}->https://raw.githubusercontent.com:443][total available: 1; route allocated: 1 of 5; total allocated: 1 of 25]
23:33:35.242 [main] DEBUG i.g.b.wdm.versions.VersionDetector - Detecting chrome version using online commands.properties
23:33:35.244 [main] DEBUG i.g.bonigarcia.wdm.versions.Shell - Running command on the shell: [cmd.exe, /C, wmic, datafile, where, name="%PROGRAMFILES(X86):\=\\%\\Google\\Chrome\\Application\\chrome.exe", get, Version, /value]
23:33:35.439 [main] DEBUG i.g.bonigarcia.wdm.versions.Shell - Result: Version=96.0.4664.45
23:33:35.440 [main] DEBUG i.g.b.wdm.cache.ResolutionCache - Resolution chrome96=96.0.4664.45 in cache (valid until 22:33:31 08/12/2021 IST)
23:33:35.441 [main] INFO  i.g.bonigarcia.wdm.WebDriverManager - Using chromedriver 96.0.4664.45 (resolved driver for Chrome 96)
23:33:35.442 [main] DEBUG i.g.b.wdm.cache.ResolutionCache - Storing resolution chrome=96 in cache (valid until 00:33:35 08/12/2021 IST)
23:33:35.457 [main] DEBUG i.g.bonigarcia.wdm.WebDriverManager - Driver chromedriver 96.0.4664.45 found in cache
23:33:35.457 [main] INFO  i.g.bonigarcia.wdm.WebDriverManager - Exporting webdriver.chrome.driver as C:\Users\Harsh\.cache\selenium\chromedriver\win32\96.0.4664.45\chromedriver.exe
23:33:35.691 [main] DEBUG n.s.c.w.d.ProvideNewDriver - Instantiating driver
23:33:35.693 [main] DEBUG n.s.c.w.d.ProvideNewDriver - Driver capabilities: Capabilities {acceptInsecureCerts: false, base.url: , browserName: chrome, chrome.driver: src/test/resources/drivers/..., driver: chrome, goog:chromeOptions: {args: [], extensions: []}, loggingPrefs: org.openqa.selenium.logging...}
23:33:35.762 [main] DEBUG i.n.u.i.l.InternalLoggerFactory - Using SLF4J as the default logging framework
23:33:35.766 [main] DEBUG io.netty.util.ResourceLeakDetector - -Dio.netty.leakDetection.level: simple
23:33:35.766 [main] DEBUG io.netty.util.ResourceLeakDetector - -Dio.netty.leakDetection.targetRecords: 4
23:33:35.772 [main] DEBUG i.n.util.ResourceLeakDetectorFactory - Loaded default ResourceLeakDetector: io.netty.util.ResourceLeakDetector@7ceb6c45
23:33:35.794 [main] DEBUG i.n.util.internal.PlatformDependent0 - -Dio.netty.noUnsafe: false
23:33:35.794 [main] DEBUG i.n.util.internal.PlatformDependent0 - Java version: 17
23:33:35.795 [main] DEBUG i.n.util.internal.PlatformDependent0 - sun.misc.Unsafe.theUnsafe: available
23:33:35.796 [main] DEBUG i.n.util.internal.PlatformDependent0 - sun.misc.Unsafe.copyMemory: available
23:33:35.796 [main] DEBUG i.n.util.internal.PlatformDependent0 - java.nio.Buffer.address: available
23:33:35.797 [main] DEBUG i.n.util.internal.PlatformDependent0 - direct buffer constructor: unavailable: Reflective setAccessible(true) disabled
23:33:35.797 [main] DEBUG i.n.util.internal.PlatformDependent0 - java.nio.Bits.unaligned: available, true
23:33:35.798 [main] DEBUG i.n.util.internal.PlatformDependent0 - jdk.internal.misc.Unsafe.allocateUninitializedArray(int): unavailable: class io.netty.util.internal.PlatformDependent0$6 cannot access class jdk.internal.misc.Unsafe (in module java.base) because module java.base does not export jdk.internal.misc to unnamed module @31e5415e
23:33:35.801 [main] DEBUG i.n.util.internal.PlatformDependent0 - java.nio.DirectByteBuffer.<init>(long, int): unavailable
23:33:35.801 [main] DEBUG i.n.util.internal.PlatformDependent - sun.misc.Unsafe: available
23:33:35.803 [main] DEBUG i.n.util.internal.PlatformDependent - maxDirectMemory: 1046478848 bytes (maybe)
23:33:35.804 [main] DEBUG i.n.util.internal.PlatformDependent - -Dio.netty.tmpdir: C:\Users\Harsh\AppData\Local\Temp (java.io.tmpdir)
23:33:35.804 [main] DEBUG i.n.util.internal.PlatformDependent - -Dio.netty.bitMode: 64 (sun.arch.data.model)
23:33:35.804 [main] DEBUG i.n.util.internal.PlatformDependent - Platform: Windows
23:33:35.805 [main] DEBUG i.n.util.internal.PlatformDependent - -Dio.netty.maxDirectMemory: -1 bytes
23:33:35.805 [main] DEBUG i.n.util.internal.PlatformDependent - -Dio.netty.uninitializedArrayAllocationThreshold: -1
23:33:35.806 [main] DEBUG io.netty.util.internal.CleanerJava9 - java.nio.ByteBuffer.cleaner(): available
23:33:35.806 [main] DEBUG i.n.util.internal.PlatformDependent - -Dio.netty.noPreferDirect: false
23:33:35.813 [main] DEBUG i.n.util.internal.PlatformDependent - org.jctools-core.MpscChunkedArrayQueue: available
23:33:35.843 [main] DEBUG i.n.u.i.InternalThreadLocalMap - -Dio.netty.threadLocalMap.stringBuilder.initialSize: 1024
23:33:35.843 [main] DEBUG i.n.u.i.InternalThreadLocalMap - -Dio.netty.threadLocalMap.stringBuilder.maxSize: 4096
23:33:35.866 [main] DEBUG io.netty.handler.ssl.JdkSslContext - Default protocols (JDK): [TLSv1.3, TLSv1.2] 
23:33:35.866 [main] DEBUG io.netty.handler.ssl.JdkSslContext - Default cipher suites (JDK): [TLS_ECDHE_ECDSA_WITH_AES_256_GCM_SHA384, TLS_ECDHE_ECDSA_WITH_AES_128_GCM_SHA256, TLS_ECDHE_RSA_WITH_AES_128_GCM_SHA256, TLS_ECDHE_RSA_WITH_AES_256_GCM_SHA384, TLS_ECDHE_RSA_WITH_AES_128_CBC_SHA, TLS_ECDHE_RSA_WITH_AES_256_CBC_SHA, TLS_RSA_WITH_AES_128_GCM_SHA256, TLS_RSA_WITH_AES_128_CBC_SHA, TLS_RSA_WITH_AES_256_CBC_SHA, TLS_AES_128_GCM_SHA256, TLS_AES_256_GCM_SHA384]
23:33:35.898 [main] DEBUG i.n.c.MultithreadEventLoopGroup - -Dio.netty.eventLoopThreads: 16
23:33:35.910 [main] DEBUG io.netty.channel.nio.NioEventLoop - -Dio.netty.noKeySetOptimization: false
23:33:35.910 [main] DEBUG io.netty.channel.nio.NioEventLoop - -Dio.netty.selectorAutoRebuildThreshold: 512
23:33:35.974 [main] DEBUG i.n.buffer.PooledByteBufAllocator - -Dio.netty.allocator.numHeapArenas: 10
23:33:35.974 [main] DEBUG i.n.buffer.PooledByteBufAllocator - -Dio.netty.allocator.numDirectArenas: 10
23:33:35.974 [main] DEBUG i.n.buffer.PooledByteBufAllocator - -Dio.netty.allocator.pageSize: 8192
23:33:35.974 [main] DEBUG i.n.buffer.PooledByteBufAllocator - -Dio.netty.allocator.maxOrder: 11
23:33:35.974 [main] DEBUG i.n.buffer.PooledByteBufAllocator - -Dio.netty.allocator.chunkSize: 16777216
23:33:35.974 [main] DEBUG i.n.buffer.PooledByteBufAllocator - -Dio.netty.allocator.smallCacheSize: 256
23:33:35.974 [main] DEBUG i.n.buffer.PooledByteBufAllocator - -Dio.netty.allocator.normalCacheSize: 64
23:33:35.974 [main] DEBUG i.n.buffer.PooledByteBufAllocator - -Dio.netty.allocator.maxCachedBufferCapacity: 32768
23:33:35.974 [main] DEBUG i.n.buffer.PooledByteBufAllocator - -Dio.netty.allocator.cacheTrimInterval: 8192
23:33:35.974 [main] DEBUG i.n.buffer.PooledByteBufAllocator - -Dio.netty.allocator.cacheTrimIntervalMillis: 0
23:33:35.974 [main] DEBUG i.n.buffer.PooledByteBufAllocator - -Dio.netty.allocator.useCacheForAllThreads: true
23:33:35.974 [main] DEBUG i.n.buffer.PooledByteBufAllocator - -Dio.netty.allocator.maxCachedByteBuffersPerChunk: 1023
23:33:35.985 [main] DEBUG io.netty.buffer.ByteBufUtil - -Dio.netty.allocator.type: pooled
23:33:35.985 [main] DEBUG io.netty.buffer.ByteBufUtil - -Dio.netty.threadLocalDirectBufferSize: 0
23:33:35.985 [main] DEBUG io.netty.buffer.ByteBufUtil - -Dio.netty.maxThreadLocalCharBufferSize: 16384
23:33:36.322 [Forwarding newSession on session null to remote] DEBUG io.netty.channel.DefaultChannelId - -Dio.netty.processId: 14996 (auto-detected)
23:33:36.324 [Forwarding newSession on session null to remote] DEBUG io.netty.util.NetUtil - -Djava.net.preferIPv4Stack: false
23:33:36.324 [Forwarding newSession on session null to remote] DEBUG io.netty.util.NetUtil - -Djava.net.preferIPv6Addresses: false
23:33:36.335 [Forwarding newSession on session null to remote] DEBUG io.netty.util.NetUtilInitializations - Loopback interface: lo (Software Loopback Interface 1, 127.0.0.1)
23:33:36.337 [Forwarding newSession on session null to remote] DEBUG io.netty.util.NetUtil - Failed to get SOMAXCONN from sysctl and file \proc\sys\net\core\somaxconn. Default: 200
23:33:36.361 [Forwarding newSession on session null to remote] DEBUG io.netty.channel.DefaultChannelId - -Dio.netty.machineId: f8:32:e4:ff:fe:29:6b:b6 (auto-detected)
23:33:36.419 [AsyncHttpClient-1-2] DEBUG io.netty.buffer.AbstractByteBuf - -Dio.netty.buffer.checkAccessible: true
23:33:36.419 [AsyncHttpClient-1-2] DEBUG io.netty.buffer.AbstractByteBuf - -Dio.netty.buffer.checkBounds: true
23:33:36.419 [AsyncHttpClient-1-2] DEBUG i.n.util.ResourceLeakDetectorFactory - Loaded default ResourceLeakDetector: io.netty.util.ResourceLeakDetector@4629a103
23:33:36.439 [AsyncHttpClient-1-2] DEBUG o.a.n.channel.NettyConnectListener - Using new Channel '[id: 0x3d473922, L:/127.0.0.1:49743 - R:localhost/127.0.0.1:59111]' for 'POST' to '/session'
23:33:36.451 [AsyncHttpClient-1-2] DEBUG io.netty.util.Recycler - -Dio.netty.recycler.maxCapacityPerThread: 4096
23:33:36.451 [AsyncHttpClient-1-2] DEBUG io.netty.util.Recycler - -Dio.netty.recycler.maxSharedCapacityFactor: 2
23:33:36.451 [AsyncHttpClient-1-2] DEBUG io.netty.util.Recycler - -Dio.netty.recycler.linkCapacity: 16
23:33:36.451 [AsyncHttpClient-1-2] DEBUG io.netty.util.Recycler - -Dio.netty.recycler.ratio: 8
23:33:36.451 [AsyncHttpClient-1-2] DEBUG io.netty.util.Recycler - -Dio.netty.recycler.delayedQueue.ratio: 8
23:33:37.781 [AsyncHttpClient-1-2] DEBUG i.n.handler.codec.compression.Brotli - brotli4j not in the classpath; Brotli support will be unavailable.
23:33:37.782 [AsyncHttpClient-1-2] DEBUG o.a.netty.handler.HttpHandler - 

Request DefaultHttpRequest(decodeResult: success, version: HTTP/1.1)
POST /session HTTP/1.1
User-Agent: selenium/4.0.0 (java windows)
Content-Length: 640
Content-Type: application/json; charset=utf-8
host: localhost:59111
accept: */*

Response DefaultHttpResponse(decodeResult: success, version: HTTP/1.1)
HTTP/1.1 200 OK
Content-Type: application/json; charset=utf-8
cache-control: no-cache
content-length: 788

23:33:37.789 [AsyncHttpClient-1-2] DEBUG o.a.netty.channel.ChannelManager - Adding key: http://localhost:59111 for channel [id: 0x3d473922, L:/127.0.0.1:49743 - R:localhost/127.0.0.1:59111]
23:33:37.871 [AsyncHttpClient-1-3] DEBUG o.a.n.channel.NettyConnectListener - Using new Channel '[id: 0x70546bf3, L:/127.0.0.1:49750 - R:localhost/127.0.0.1:49744]' for 'GET' to '/json/version'
23:33:37.877 [AsyncHttpClient-1-3] DEBUG o.a.netty.handler.HttpHandler - 

Request DefaultFullHttpRequest(decodeResult: success, version: HTTP/1.1, content: EmptyByteBufBE)
GET /json/version HTTP/1.1
User-Agent: selenium/4.0.0 (java windows)
host: localhost:49744
accept: */*

Response DefaultHttpResponse(decodeResult: success, version: HTTP/1.1)
HTTP/1.1 200 OK
Content-Type: application/json; charset=UTF-8
content-length: 424

23:33:37.878 [AsyncHttpClient-1-3] DEBUG o.a.netty.channel.ChannelManager - Adding key: http://localhost:49744 for channel [id: 0x70546bf3, L:/127.0.0.1:49750 - R:localhost/127.0.0.1:49744]
23:33:37.886 [main] DEBUG i.n.util.internal.ThreadLocalRandom - -Dio.netty.initialSeedUniquifier: 0x782c7d6b9d95f7bc
23:33:37.888 [AsyncHttpClient-1-4] DEBUG o.a.n.channel.NettyConnectListener - Using new Channel '[id: 0x39ea2609, L:/127.0.0.1:49751 - R:localhost/127.0.0.1:49744]' for 'GET' to '/devtools/browser/e16c3c85-20f2-46b8-9373-434c5c3a6434'
23:33:37.895 [AsyncHttpClient-1-4] DEBUG o.a.netty.handler.WebSocketHandler - 

Request DefaultFullHttpRequest(decodeResult: success, version: HTTP/1.1, content: EmptyByteBufBE)
GET /devtools/browser/e16c3c85-20f2-46b8-9373-434c5c3a6434 HTTP/1.1
upgrade: websocket
connection: upgrade
sec-websocket-key: RNBrvleY9/q5YCAATWPiEg==
sec-websocket-version: 13
origin: http://localhost:49744
host: localhost:49744
accept: */*
user-agent: AHC/2.1

Response DefaultHttpResponse(decodeResult: success, version: HTTP/1.1)
HTTP/1.1 101 WebSocket Protocol Handshake
Upgrade: WebSocket
Connection: Upgrade
Sec-WebSocket-Accept: Lx0DAulrIQq0sXVdVqikWfr09Fg=

23:33:38.020 [AsyncHttpClient-1-1] DEBUG o.a.netty.channel.DefaultChannelPool - Entry count for : http://localhost:59111 : 1
23:33:38.020 [AsyncHttpClient-1-1] DEBUG o.a.netty.channel.DefaultChannelPool - Entry count for : http://localhost:49744 : 1
23:33:38.034 [Forwarding get on session 1a03e43174f89985e99e59ae8fc3d884 to remote] DEBUG o.a.netty.request.NettyRequestSender - Using pooled Channel '[id: 0x3d473922, L:/127.0.0.1:49743 - R:localhost/127.0.0.1:59111]' for 'POST' to 'http://localhost:59111/session/1a03e43174f89985e99e59ae8fc3d884/url'
23:33:38.034 [Forwarding get on session 1a03e43174f89985e99e59ae8fc3d884 to remote] DEBUG o.a.netty.request.NettyRequestSender - Using open Channel [id: 0x3d473922, L:/127.0.0.1:49743 - R:localhost/127.0.0.1:59111] for POST '/session/1a03e43174f89985e99e59ae8fc3d884/url'
23:33:39.123 [AsyncHttpClient-1-1] DEBUG o.a.netty.channel.DefaultChannelPool - Entry count for : http://localhost:49744 : 1
23:33:39.430 [AsyncHttpClient-1-2] DEBUG o.a.netty.handler.HttpHandler - 

Request DefaultHttpRequest(decodeResult: success, version: HTTP/1.1)
POST /session/1a03e43174f89985e99e59ae8fc3d884/url HTTP/1.1
User-Agent: selenium/4.0.0 (java windows)
Content-Length: 47
Content-Type: application/json; charset=utf-8
host: localhost:59111
accept: */*

Response DefaultHttpResponse(decodeResult: success, version: HTTP/1.1)
HTTP/1.1 200 OK
Content-Type: application/json; charset=utf-8
cache-control: no-cache
content-length: 14

23:33:39.430 [AsyncHttpClient-1-2] DEBUG o.a.netty.channel.ChannelManager - Adding key: http://localhost:59111 for channel [id: 0x3d473922, L:/127.0.0.1:49743 - R:localhost/127.0.0.1:59111]
23:33:39.434 [Forwarding setTimeout on session 1a03e43174f89985e99e59ae8fc3d884 to remote] DEBUG o.a.netty.request.NettyRequestSender - Using pooled Channel '[id: 0x3d473922, L:/127.0.0.1:49743 - R:localhost/127.0.0.1:59111]' for 'POST' to 'http://localhost:59111/session/1a03e43174f89985e99e59ae8fc3d884/timeouts'
23:33:39.434 [Forwarding setTimeout on session 1a03e43174f89985e99e59ae8fc3d884 to remote] DEBUG o.a.netty.request.NettyRequestSender - Using open Channel [id: 0x3d473922, L:/127.0.0.1:49743 - R:localhost/127.0.0.1:59111] for POST '/session/1a03e43174f89985e99e59ae8fc3d884/timeouts'
23:33:39.437 [AsyncHttpClient-1-2] DEBUG o.a.netty.handler.HttpHandler - 

Request DefaultHttpRequest(decodeResult: success, version: HTTP/1.1)
POST /session/1a03e43174f89985e99e59ae8fc3d884/timeouts HTTP/1.1
User-Agent: selenium/4.0.0 (java windows)
Content-Length: 22
Content-Type: application/json; charset=utf-8
host: localhost:59111
accept: */*

Response DefaultHttpResponse(decodeResult: success, version: HTTP/1.1)
HTTP/1.1 200 OK
Content-Type: application/json; charset=utf-8
cache-control: no-cache
content-length: 14

23:33:39.438 [AsyncHttpClient-1-2] DEBUG o.a.netty.channel.ChannelManager - Adding key: http://localhost:59111 for channel [id: 0x3d473922, L:/127.0.0.1:49743 - R:localhost/127.0.0.1:59111]
23:33:39.448 [Forwarding getCurrentUrl on session 1a03e43174f89985e99e59ae8fc3d884 to remote] DEBUG o.a.netty.request.NettyRequestSender - Using pooled Channel '[id: 0x3d473922, L:/127.0.0.1:49743 - R:localhost/127.0.0.1:59111]' for 'GET' to 'http://localhost:59111/session/1a03e43174f89985e99e59ae8fc3d884/url'
23:33:39.449 [Forwarding getCurrentUrl on session 1a03e43174f89985e99e59ae8fc3d884 to remote] DEBUG o.a.netty.request.NettyRequestSender - Using open Channel [id: 0x3d473922, L:/127.0.0.1:49743 - R:localhost/127.0.0.1:59111] for GET '/session/1a03e43174f89985e99e59ae8fc3d884/url'
23:33:39.456 [AsyncHttpClient-1-2] DEBUG o.a.netty.handler.HttpHandler - 

Request DefaultFullHttpRequest(decodeResult: success, version: HTTP/1.1, content: EmptyByteBufBE)
GET /session/1a03e43174f89985e99e59ae8fc3d884/url HTTP/1.1
User-Agent: selenium/4.0.0 (java windows)
Cache-Control: no-cache
Content-Type: application/json; charset=utf-8
host: localhost:59111
accept: */*

Response DefaultHttpResponse(decodeResult: success, version: HTTP/1.1)
HTTP/1.1 200 OK
Content-Type: application/json; charset=utf-8
cache-control: no-cache
content-length: 35

23:33:39.456 [AsyncHttpClient-1-2] DEBUG o.a.netty.channel.ChannelManager - Adding key: http://localhost:59111 for channel [id: 0x3d473922, L:/127.0.0.1:49743 - R:localhost/127.0.0.1:59111]
23:33:39.466 [Forwarding findElement on session 1a03e43174f89985e99e59ae8fc3d884 to remote] DEBUG o.a.netty.request.NettyRequestSender - Using pooled Channel '[id: 0x3d473922, L:/127.0.0.1:49743 - R:localhost/127.0.0.1:59111]' for 'POST' to 'http://localhost:59111/session/1a03e43174f89985e99e59ae8fc3d884/element'
23:33:39.466 [Forwarding findElement on session 1a03e43174f89985e99e59ae8fc3d884 to remote] DEBUG o.a.netty.request.NettyRequestSender - Using open Channel [id: 0x3d473922, L:/127.0.0.1:49743 - R:localhost/127.0.0.1:59111] for POST '/session/1a03e43174f89985e99e59ae8fc3d884/element'
23:33:39.481 [AsyncHttpClient-1-2] DEBUG o.a.netty.handler.HttpHandler - 

Request DefaultHttpRequest(decodeResult: success, version: HTTP/1.1)
POST /session/1a03e43174f89985e99e59ae8fc3d884/element HTTP/1.1
User-Agent: selenium/4.0.0 (java windows)
Content-Length: 55
Content-Type: application/json; charset=utf-8
host: localhost:59111
accept: */*

Response DefaultHttpResponse(decodeResult: success, version: HTTP/1.1)
HTTP/1.1 200 OK
Content-Type: application/json; charset=utf-8
cache-control: no-cache
content-length: 88

23:33:39.482 [AsyncHttpClient-1-2] DEBUG o.a.netty.channel.ChannelManager - Adding key: http://localhost:59111 for channel [id: 0x3d473922, L:/127.0.0.1:49743 - R:localhost/127.0.0.1:59111]
23:33:39.495 [Forwarding isElementDisplayed on session 1a03e43174f89985e99e59ae8fc3d884 to remote] DEBUG o.a.netty.request.NettyRequestSender - Using pooled Channel '[id: 0x3d473922, L:/127.0.0.1:49743 - R:localhost/127.0.0.1:59111]' for 'POST' to 'http://localhost:59111/session/1a03e43174f89985e99e59ae8fc3d884/execute/sync'
23:33:39.495 [Forwarding isElementDisplayed on session 1a03e43174f89985e99e59ae8fc3d884 to remote] DEBUG o.a.netty.request.NettyRequestSender - Using open Channel [id: 0x3d473922, L:/127.0.0.1:49743 - R:localhost/127.0.0.1:59111] for POST '/session/1a03e43174f89985e99e59ae8fc3d884/execute/sync'
23:33:39.509 [AsyncHttpClient-1-2] DEBUG o.a.netty.handler.HttpHandler - 

Request DefaultHttpRequest(decodeResult: success, version: HTTP/1.1)
POST /session/1a03e43174f89985e99e59ae8fc3d884/execute/sync HTTP/1.1
User-Agent: selenium/4.0.0 (java windows)
Content-Length: 48780
Content-Type: application/json; charset=utf-8
host: localhost:59111
accept: */*

Response DefaultHttpResponse(decodeResult: success, version: HTTP/1.1)
HTTP/1.1 200 OK
Content-Type: application/json; charset=utf-8
cache-control: no-cache
content-length: 14

23:33:39.510 [AsyncHttpClient-1-2] DEBUG o.a.netty.channel.ChannelManager - Adding key: http://localhost:59111 for channel [id: 0x3d473922, L:/127.0.0.1:49743 - R:localhost/127.0.0.1:59111]
23:33:39.519 [Forwarding getElementTagName on session 1a03e43174f89985e99e59ae8fc3d884 to remote] DEBUG o.a.netty.request.NettyRequestSender - Using pooled Channel '[id: 0x3d473922, L:/127.0.0.1:49743 - R:localhost/127.0.0.1:59111]' for 'GET' to 'http://localhost:59111/session/1a03e43174f89985e99e59ae8fc3d884/element/b6b70639-f32f-4a95-8de3-d1729ef01ccb/name'
23:33:39.519 [Forwarding getElementTagName on session 1a03e43174f89985e99e59ae8fc3d884 to remote] DEBUG o.a.netty.request.NettyRequestSender - Using open Channel [id: 0x3d473922, L:/127.0.0.1:49743 - R:localhost/127.0.0.1:59111] for GET '/session/1a03e43174f89985e99e59ae8fc3d884/element/b6b70639-f32f-4a95-8de3-d1729ef01ccb/name'
23:33:39.530 [AsyncHttpClient-1-2] DEBUG o.a.netty.handler.HttpHandler - 

Request DefaultFullHttpRequest(decodeResult: success, version: HTTP/1.1, content: EmptyByteBufBE)
GET /session/1a03e43174f89985e99e59ae8fc3d884/element/b6b70639-f32f-4a95-8de3-d1729ef01ccb/name HTTP/1.1
User-Agent: selenium/4.0.0 (java windows)
Cache-Control: no-cache
Content-Type: application/json; charset=utf-8
host: localhost:59111
accept: */*

Response DefaultHttpResponse(decodeResult: success, version: HTTP/1.1)
HTTP/1.1 200 OK
Content-Type: application/json; charset=utf-8
cache-control: no-cache
content-length: 17

23:33:39.530 [AsyncHttpClient-1-2] DEBUG o.a.netty.channel.ChannelManager - Adding key: http://localhost:59111 for channel [id: 0x3d473922, L:/127.0.0.1:49743 - R:localhost/127.0.0.1:59111]
23:33:39.532 [Forwarding getElementTagName on session 1a03e43174f89985e99e59ae8fc3d884 to remote] DEBUG o.a.netty.request.NettyRequestSender - Using pooled Channel '[id: 0x3d473922, L:/127.0.0.1:49743 - R:localhost/127.0.0.1:59111]' for 'GET' to 'http://localhost:59111/session/1a03e43174f89985e99e59ae8fc3d884/element/b6b70639-f32f-4a95-8de3-d1729ef01ccb/name'
23:33:39.532 [Forwarding getElementTagName on session 1a03e43174f89985e99e59ae8fc3d884 to remote] DEBUG o.a.netty.request.NettyRequestSender - Using open Channel [id: 0x3d473922, L:/127.0.0.1:49743 - R:localhost/127.0.0.1:59111] for GET '/session/1a03e43174f89985e99e59ae8fc3d884/element/b6b70639-f32f-4a95-8de3-d1729ef01ccb/name'
23:33:39.536 [AsyncHttpClient-1-2] DEBUG o.a.netty.handler.HttpHandler - 

Request DefaultFullHttpRequest(decodeResult: success, version: HTTP/1.1, content: EmptyByteBufBE)
GET /session/1a03e43174f89985e99e59ae8fc3d884/element/b6b70639-f32f-4a95-8de3-d1729ef01ccb/name HTTP/1.1
User-Agent: selenium/4.0.0 (java windows)
Cache-Control: no-cache
Content-Type: application/json; charset=utf-8
host: localhost:59111
accept: */*

Response DefaultHttpResponse(decodeResult: success, version: HTTP/1.1)
HTTP/1.1 200 OK
Content-Type: application/json; charset=utf-8
cache-control: no-cache
content-length: 17

23:33:39.536 [AsyncHttpClient-1-2] DEBUG o.a.netty.channel.ChannelManager - Adding key: http://localhost:59111 for channel [id: 0x3d473922, L:/127.0.0.1:49743 - R:localhost/127.0.0.1:59111]
23:33:39.541 [Forwarding isElementEnabled on session 1a03e43174f89985e99e59ae8fc3d884 to remote] DEBUG o.a.netty.request.NettyRequestSender - Using pooled Channel '[id: 0x3d473922, L:/127.0.0.1:49743 - R:localhost/127.0.0.1:59111]' for 'GET' to 'http://localhost:59111/session/1a03e43174f89985e99e59ae8fc3d884/element/b6b70639-f32f-4a95-8de3-d1729ef01ccb/enabled'
23:33:39.541 [Forwarding isElementEnabled on session 1a03e43174f89985e99e59ae8fc3d884 to remote] DEBUG o.a.netty.request.NettyRequestSender - Using open Channel [id: 0x3d473922, L:/127.0.0.1:49743 - R:localhost/127.0.0.1:59111] for GET '/session/1a03e43174f89985e99e59ae8fc3d884/element/b6b70639-f32f-4a95-8de3-d1729ef01ccb/enabled'
23:33:39.551 [AsyncHttpClient-1-2] DEBUG o.a.netty.handler.HttpHandler - 

Request DefaultFullHttpRequest(decodeResult: success, version: HTTP/1.1, content: EmptyByteBufBE)
GET /session/1a03e43174f89985e99e59ae8fc3d884/element/b6b70639-f32f-4a95-8de3-d1729ef01ccb/enabled HTTP/1.1
User-Agent: selenium/4.0.0 (java windows)
Cache-Control: no-cache
Content-Type: application/json; charset=utf-8
host: localhost:59111
accept: */*

Response DefaultHttpResponse(decodeResult: success, version: HTTP/1.1)
HTTP/1.1 200 OK
Content-Type: application/json; charset=utf-8
cache-control: no-cache
content-length: 14

23:33:39.551 [AsyncHttpClient-1-2] DEBUG o.a.netty.channel.ChannelManager - Adding key: http://localhost:59111 for channel [id: 0x3d473922, L:/127.0.0.1:49743 - R:localhost/127.0.0.1:59111]
23:33:39.553 [Forwarding isElementEnabled on session 1a03e43174f89985e99e59ae8fc3d884 to remote] DEBUG o.a.netty.request.NettyRequestSender - Using pooled Channel '[id: 0x3d473922, L:/127.0.0.1:49743 - R:localhost/127.0.0.1:59111]' for 'GET' to 'http://localhost:59111/session/1a03e43174f89985e99e59ae8fc3d884/element/b6b70639-f32f-4a95-8de3-d1729ef01ccb/enabled'
23:33:39.553 [Forwarding isElementEnabled on session 1a03e43174f89985e99e59ae8fc3d884 to remote] DEBUG o.a.netty.request.NettyRequestSender - Using open Channel [id: 0x3d473922, L:/127.0.0.1:49743 - R:localhost/127.0.0.1:59111] for GET '/session/1a03e43174f89985e99e59ae8fc3d884/element/b6b70639-f32f-4a95-8de3-d1729ef01ccb/enabled'
23:33:39.558 [AsyncHttpClient-1-2] DEBUG o.a.netty.handler.HttpHandler - 

Request DefaultFullHttpRequest(decodeResult: success, version: HTTP/1.1, content: EmptyByteBufBE)
GET /session/1a03e43174f89985e99e59ae8fc3d884/element/b6b70639-f32f-4a95-8de3-d1729ef01ccb/enabled HTTP/1.1
User-Agent: selenium/4.0.0 (java windows)
Cache-Control: no-cache
Content-Type: application/json; charset=utf-8
host: localhost:59111
accept: */*

Response DefaultHttpResponse(decodeResult: success, version: HTTP/1.1)
HTTP/1.1 200 OK
Content-Type: application/json; charset=utf-8
cache-control: no-cache
content-length: 14

23:33:39.558 [AsyncHttpClient-1-2] DEBUG o.a.netty.channel.ChannelManager - Adding key: http://localhost:59111 for channel [id: 0x3d473922, L:/127.0.0.1:49743 - R:localhost/127.0.0.1:59111]
23:33:39.564 [Forwarding sendKeysToElement on session 1a03e43174f89985e99e59ae8fc3d884 to remote] DEBUG o.a.netty.request.NettyRequestSender - Using pooled Channel '[id: 0x3d473922, L:/127.0.0.1:49743 - R:localhost/127.0.0.1:59111]' for 'POST' to 'http://localhost:59111/session/1a03e43174f89985e99e59ae8fc3d884/element/b6b70639-f32f-4a95-8de3-d1729ef01ccb/value'
23:33:39.564 [Forwarding sendKeysToElement on session 1a03e43174f89985e99e59ae8fc3d884 to remote] DEBUG o.a.netty.request.NettyRequestSender - Using open Channel [id: 0x3d473922, L:/127.0.0.1:49743 - R:localhost/127.0.0.1:59111] for POST '/session/1a03e43174f89985e99e59ae8fc3d884/element/b6b70639-f32f-4a95-8de3-d1729ef01ccb/value'
23:33:39.621 [AsyncHttpClient-1-2] DEBUG o.a.netty.handler.HttpHandler - 

Request DefaultHttpRequest(decodeResult: success, version: HTTP/1.1)
POST /session/1a03e43174f89985e99e59ae8fc3d884/element/b6b70639-f32f-4a95-8de3-d1729ef01ccb/value HTTP/1.1
User-Agent: selenium/4.0.0 (java windows)
Content-Length: 133
Content-Type: application/json; charset=utf-8
host: localhost:59111
accept: */*

Response DefaultHttpResponse(decodeResult: success, version: HTTP/1.1)
HTTP/1.1 200 OK
Content-Type: application/json; charset=utf-8
cache-control: no-cache
content-length: 14

23:33:39.621 [AsyncHttpClient-1-2] DEBUG o.a.netty.channel.ChannelManager - Adding key: http://localhost:59111 for channel [id: 0x3d473922, L:/127.0.0.1:49743 - R:localhost/127.0.0.1:59111]
23:33:39.623 [Forwarding sendKeysToElement on session 1a03e43174f89985e99e59ae8fc3d884 to remote] DEBUG o.a.netty.request.NettyRequestSender - Using pooled Channel '[id: 0x3d473922, L:/127.0.0.1:49743 - R:localhost/127.0.0.1:59111]' for 'POST' to 'http://localhost:59111/session/1a03e43174f89985e99e59ae8fc3d884/element/b6b70639-f32f-4a95-8de3-d1729ef01ccb/value'
23:33:39.623 [Forwarding sendKeysToElement on session 1a03e43174f89985e99e59ae8fc3d884 to remote] DEBUG o.a.netty.request.NettyRequestSender - Using open Channel [id: 0x3d473922, L:/127.0.0.1:49743 - R:localhost/127.0.0.1:59111] for POST '/session/1a03e43174f89985e99e59ae8fc3d884/element/b6b70639-f32f-4a95-8de3-d1729ef01ccb/value'
23:33:39.697 [AsyncHttpClient-1-2] DEBUG o.a.netty.handler.HttpHandler - 

Request DefaultHttpRequest(decodeResult: success, version: HTTP/1.1)
POST /session/1a03e43174f89985e99e59ae8fc3d884/element/b6b70639-f32f-4a95-8de3-d1729ef01ccb/value HTTP/1.1
User-Agent: selenium/4.0.0 (java windows)
Content-Length: 133
Content-Type: application/json; charset=utf-8
host: localhost:59111
accept: */*

Response DefaultHttpResponse(decodeResult: success, version: HTTP/1.1)
HTTP/1.1 200 OK
Content-Type: application/json; charset=utf-8
cache-control: no-cache
content-length: 14

23:33:39.697 [AsyncHttpClient-1-2] DEBUG o.a.netty.channel.ChannelManager - Adding key: http://localhost:59111 for channel [id: 0x3d473922, L:/127.0.0.1:49743 - R:localhost/127.0.0.1:59111]
23:33:39.702 [Forwarding clearElement on session 1a03e43174f89985e99e59ae8fc3d884 to remote] DEBUG o.a.netty.request.NettyRequestSender - Using pooled Channel '[id: 0x3d473922, L:/127.0.0.1:49743 - R:localhost/127.0.0.1:59111]' for 'POST' to 'http://localhost:59111/session/1a03e43174f89985e99e59ae8fc3d884/element/b6b70639-f32f-4a95-8de3-d1729ef01ccb/clear'
23:33:39.702 [Forwarding clearElement on session 1a03e43174f89985e99e59ae8fc3d884 to remote] DEBUG o.a.netty.request.NettyRequestSender - Using open Channel [id: 0x3d473922, L:/127.0.0.1:49743 - R:localhost/127.0.0.1:59111] for POST '/session/1a03e43174f89985e99e59ae8fc3d884/element/b6b70639-f32f-4a95-8de3-d1729ef01ccb/clear'
23:33:39.734 [AsyncHttpClient-1-2] DEBUG o.a.netty.handler.HttpHandler - 

Request DefaultHttpRequest(decodeResult: success, version: HTTP/1.1)
POST /session/1a03e43174f89985e99e59ae8fc3d884/element/b6b70639-f32f-4a95-8de3-d1729ef01ccb/clear HTTP/1.1
User-Agent: selenium/4.0.0 (java windows)
Content-Length: 50
Content-Type: application/json; charset=utf-8
host: localhost:59111
accept: */*

Response DefaultHttpResponse(decodeResult: success, version: HTTP/1.1)
HTTP/1.1 200 OK
Content-Type: application/json; charset=utf-8
cache-control: no-cache
content-length: 14

23:33:39.734 [AsyncHttpClient-1-2] DEBUG o.a.netty.channel.ChannelManager - Adding key: http://localhost:59111 for channel [id: 0x3d473922, L:/127.0.0.1:49743 - R:localhost/127.0.0.1:59111]
23:33:39.737 [Forwarding sendKeysToElement on session 1a03e43174f89985e99e59ae8fc3d884 to remote] DEBUG o.a.netty.request.NettyRequestSender - Using pooled Channel '[id: 0x3d473922, L:/127.0.0.1:49743 - R:localhost/127.0.0.1:59111]' for 'POST' to 'http://localhost:59111/session/1a03e43174f89985e99e59ae8fc3d884/element/b6b70639-f32f-4a95-8de3-d1729ef01ccb/value'
23:33:39.737 [Forwarding sendKeysToElement on session 1a03e43174f89985e99e59ae8fc3d884 to remote] DEBUG o.a.netty.request.NettyRequestSender - Using open Channel [id: 0x3d473922, L:/127.0.0.1:49743 - R:localhost/127.0.0.1:59111] for POST '/session/1a03e43174f89985e99e59ae8fc3d884/element/b6b70639-f32f-4a95-8de3-d1729ef01ccb/value'
23:33:40.227 [AsyncHttpClient-1-1] DEBUG o.a.netty.channel.DefaultChannelPool - Entry count for : http://localhost:49744 : 1
23:33:41.327 [AsyncHttpClient-1-1] DEBUG o.a.netty.channel.DefaultChannelPool - Entry count for : http://localhost:49744 : 1
23:33:41.469 [AsyncHttpClient-1-2] DEBUG o.a.netty.handler.HttpHandler - 

Request DefaultHttpRequest(decodeResult: success, version: HTTP/1.1)
POST /session/1a03e43174f89985e99e59ae8fc3d884/element/b6b70639-f32f-4a95-8de3-d1729ef01ccb/value HTTP/1.1
User-Agent: selenium/4.0.0 (java windows)
Content-Length: 205
Content-Type: application/json; charset=utf-8
host: localhost:59111
accept: */*

Response DefaultHttpResponse(decodeResult: success, version: HTTP/1.1)
HTTP/1.1 200 OK
Content-Type: application/json; charset=utf-8
cache-control: no-cache
content-length: 14

23:33:41.469 [AsyncHttpClient-1-2] DEBUG o.a.netty.channel.ChannelManager - Adding key: http://localhost:59111 for channel [id: 0x3d473922, L:/127.0.0.1:49743 - R:localhost/127.0.0.1:59111]
23:33:42.426 [AsyncHttpClient-1-1] DEBUG o.a.netty.channel.DefaultChannelPool - Entry count for : http://localhost:59111 : 1
23:33:42.426 [AsyncHttpClient-1-1] DEBUG o.a.netty.channel.DefaultChannelPool - Entry count for : http://localhost:49744 : 1
23:33:43.525 [AsyncHttpClient-1-1] DEBUG o.a.netty.channel.DefaultChannelPool - Entry count for : http://localhost:59111 : 1
23:33:43.525 [AsyncHttpClient-1-1] DEBUG o.a.netty.channel.DefaultChannelPool - Entry count for : http://localhost:49744 : 1
]]></system-out>
    <system-err><![CDATA[Starting ChromeDriver 96.0.4664.45 (76e4c1bb2ab4671b8beba3444e61c0f17584b2fc-refs/branch-heads/4664@{#947}) on port 59111
Only local connections are allowed.
Please see https://chromedriver.chromium.org/security-considerations for suggestions on keeping ChromeDriver safe.
ChromeDriver was started successfully.
Dec 07, 2021 11:33:37 PM org.openqa.selenium.remote.ProtocolHandshake createSession
INFO: Detected dialect: W3C
Dec 07, 2021 11:33:37 PM org.openqa.selenium.devtools.CdpVersionFinder findNearestMatch
WARNING: Unable to find an exact match for CDP version 96, so returning the closest version found: 95
Dec 07, 2021 11:33:37 PM org.openqa.selenium.devtools.CdpVersionFinder findNearestMatch
INFO: Found CDP implementation for version 96 of 95
]]></system-err>
  </testcase>
</testsuite>