<?xml version="1.0" encoding="UTF-8" standalone="no"?><testsuite errors="1" failures="0" name="testcases.SerenityGmailLogin" skipped="0" tests="1" time="27.56" timestamp="2021-12-08 10:58:08"><testcase classname="testcases.SerenityGmailLogin" name="Do login"><error message="Expected condition failed: waiting for element to be clickable: By.xpath: /html/body/div[1]/div[1]/div[2]/div/div[2]/div/div/div[2]/div/div[2]/div/div[1]/div/div/button/span123 (tried for 10 second(s) with 5000 milliseconds interval)&#10;Build info: version: '4.0.0', revision: '3a21814679'&#10;System info: host: 'DESKTOP-PBGSDM4', ip: '192.168.0.184', os.name: 'Windows 10', os.arch: 'amd64', os.version: '10.0', java.version: '17'&#10;Driver info: driver.version: unknown" type="org.openqa.selenium.TimeoutException">Expected condition failed: waiting for element to be clickable: By.xpath: /html/body/div[1]/div[1]/div[2]/div/div[2]/div/div/div[2]/div/div[2]/div/div[1]/div/div/button/span123 (tried for 10 second(s) with 5000 milliseconds interval)
Build info: version: '4.0.0', revision: '3a21814679'
System info: host: 'DESKTOP-PBGSDM4', ip: '192.168.0.184', os.name: 'Windows 10', os.arch: 'amd64', os.version: '10.0', java.version: '17'
Driver info: driver.version: unknown</error><system-err>Expected condition failed: waiting for element to be clickable: By.xpath: /html/body/div[1]/div[1]/div[2]/div/div[2]/div/div/div[2]/div/div[2]/div/div[1]/div/div/button/span123 (tried for 10 second(s) with 5000 milliseconds interval)
Build info: version: '4.0.0', revision: '3a21814679'
System info: host: 'DESKTOP-PBGSDM4', ip: '192.168.0.184', os.name: 'Windows 10', os.arch: 'amd64', os.version: '10.0', java.version: '17'
Driver info: driver.version: unknown&#13;
testcases.SerenityGmailLogin.doLogin(SerenityGmailLogin.java:41)&#13;
org.eclipse.jdt.internal.junit5.runner.JUnit5TestReference.run(JUnit5TestReference.java:98)&#13;
org.eclipse.jdt.internal.junit.runner.TestExecution.run(TestExecution.java:40)&#13;
org.eclipse.jdt.internal.junit.runner.RemoteTestRunner.runTests(RemoteTestRunner.java:529)&#13;
org.eclipse.jdt.internal.junit.runner.RemoteTestRunner.runTests(RemoteTestRunner.java:756)&#13;
org.eclipse.jdt.internal.junit.runner.RemoteTestRunner.run(RemoteTestRunner.java:452)&#13;
org.eclipse.jdt.internal.junit.runner.RemoteTestRunner.main(RemoteTestRunner.java:210)&#13;
</system-err></testcase></testsuite>